<?xml version="1.0" encoding="UTF-8"?>
<!-- Generated by org.testng.reporters.JUnitXMLReporter -->
<testsuite ignored="2" hostname="UNKNOWN" failures="0" tests="1" name="Default test" time="6.489" errors="0" timestamp="2022-10-22T12:56:31 BST">
  <testcase classname="Selenium.BasicAuth" name="basicAuthUsingUri" time="6.436"/>
  <testcase classname="Selenium.BasicAuth" name="basicAuthNotByPass" time="0.0">
    <ignored/>
  </testcase> <!-- basicAuthNotByPass -->
  <testcase classname="Selenium.BasicAuth" name="basicAuth" time="0.0">
    <ignored/>
  </testcase> <!-- basicAuth -->
</testsuite> <!-- Default test -->
