<?xml version="1.0" encoding="UTF-8"?>
<testng-results ignored="0" total="1" passed="1" failed="0" skipped="0">
  <reporter-output>
  </reporter-output>
  <suite started-at="2022-08-18T22:29:50 BST" name="Default suite" finished-at="2022-08-18T22:29:54 BST" duration-ms="4562">
    <groups>
    </groups>
    <test started-at="2022-08-18T22:29:50 BST" name="Default test" finished-at="2022-08-18T22:29:54 BST" duration-ms="4562">
      <class name="Selenium.Hban">
        <test-method signature="hban()[pri:0, instance:Selenium.Hban@46fa7c39]" started-at="2022-08-18T22:29:50 BST" name="hban" finished-at="2022-08-18T22:29:54 BST" duration-ms="4508" status="PASS">
          <reporter-output>
          </reporter-output>
        </test-method> <!-- hban -->
      </class> <!-- Selenium.Hban -->
    </test> <!-- Default test -->
  </suite> <!-- Default suite -->
</testng-results>
